This is pdfTeXk, Version 3.141592-1.40.3 (Web2C 7.5.6) (format=pdflatex 2012.2.19)  17 JUN 2015 14:53
entering extended mode
 Source specials enabled.
 %&-line parsing enabled.
**main.tex
(./main.tex
LaTeX2e <2005/12/01>
Babel <v3.8h> and hyphenation patterns for english, usenglishmax, dumylang, noh
yphenation, arabic, basque, bulgarian, coptic, welsh, czech, slovak, german, ng
erman, danish, esperanto, spanish, catalan, galician, estonian, farsi, finnish,
 french, greek, monogreek, ancientgreek, croatian, hungarian, interlingua, ibyc
us, indonesian, icelandic, italian, latin, mongolian, dutch, norsk, polish, por
tuguese, pinyin, romanian, russian, slovenian, uppersorbian, serbian, swedish, 
turkish, ukenglish, ukrainian, loaded.
(/usr/share/texmf/tex/latex/base/report.cls
Document Class: report 2005/09/16 v1.4f Standard LaTeX document class
(/usr/share/texmf/tex/latex/base/size10.clo
File: size10.clo 2005/09/16 v1.4f Standard LaTeX file (size option)
)
\c@part=\count79
\c@chapter=\count80
\c@section=\count81
\c@subsection=\count82
\c@subsubsection=\count83
\c@paragraph=\count84
\c@subparagraph=\count85
\c@figure=\count86
\c@table=\count87
\abovecaptionskip=\skip41
\belowcaptionskip=\skip42
\bibindent=\dimen102
)
(/usr/share/texmf/tex/latex/preprint/authblk.sty
Package: authblk 2001/02/27 1.3 (PWD)
\affilsep=\skip43
\@affilsep=\skip44
\c@Maxaffil=\count88
\c@authors=\count89
\c@affil=\count90
)
(/usr/share/texmf/tex/latex/graphics/graphicx.sty
Package: graphicx 1999/02/16 v1.0f Enhanced LaTeX Graphics (DPC,SPQR)

(/usr/share/texmf/tex/latex/graphics/keyval.sty
Package: keyval 1999/03/16 v1.13 key=value parser (DPC)
\KV@toks@=\toks14
)
(/usr/share/texmf/tex/latex/graphics/graphics.sty
Package: graphics 2006/02/20 v1.0o Standard LaTeX Graphics (DPC,SPQR)

(/usr/share/texmf/tex/latex/graphics/trig.sty
Package: trig 1999/03/16 v1.09 sin cos tan (DPC)
)
(/usr/share/texmf/tex/latex/config/graphics.cfg
File: graphics.cfg 2007/01/18 v1.5 graphics configuration of teTeX/TeXLive
)
Package graphics Info: Driver file: pdftex.def on input line 90.

(/usr/share/texmf/tex/latex/pdftex-def/pdftex.def
File: pdftex.def 2007/01/08 v0.04d Graphics/color for pdfTeX
\Gread@gobject=\count91
))
\Gin@req@height=\dimen103
\Gin@req@width=\dimen104
)
(/usr/share/texmf/tex/latex/tools/longtable.sty
Package: longtable 2004/02/01 v4.11 Multi-page Table package (DPC)
\LTleft=\skip45
\LTright=\skip46
\LTpre=\skip47
\LTpost=\skip48
\LTchunksize=\count92
\LTcapwidth=\dimen105
\LT@head=\box26
\LT@firsthead=\box27
\LT@foot=\box28
\LT@lastfoot=\box29
\LT@cols=\count93
\LT@rows=\count94
\c@LT@tables=\count95
\c@LT@chunks=\count96
\LT@p@ftn=\toks15
)
(/usr/share/texmf/tex/latex/booktabs/booktabs.sty
Package: booktabs 2005/03/16 v1.6180 publication quality tables
\heavyrulewidth=\dimen106
\lightrulewidth=\dimen107
\cmidrulewidth=\dimen108
\belowrulesep=\dimen109
\belowbottomsep=\dimen110
\aboverulesep=\dimen111
\abovetopsep=\dimen112
\cmidrulesep=\dimen113
\cmidrulekern=\dimen114
\defaultaddspace=\dimen115
\@cmidla=\count97
\@cmidlb=\count98
\@aboverulesep=\dimen116
\@belowrulesep=\dimen117
\@thisruleclass=\count99
\@lastruleclass=\count100
\@thisrulewidth=\dimen118
)
(/usr/share/texmf/tex/latex/hyperref/hyperref.sty
Package: hyperref 2007/02/07 v6.75r Hypertext links for LaTeX
\@linkdim=\dimen119
\Hy@linkcounter=\count101
\Hy@pagecounter=\count102

(/usr/share/texmf/tex/latex/hyperref/pd1enc.def
File: pd1enc.def 2007/02/07 v6.75r Hyperref: PDFDocEncoding definition (HO)
)
(/usr/share/texmf/tex/latex/config/hyperref.cfg
File: hyperref.cfg 2002/06/06 v1.2 hyperref configuration of TeXLive
)
(/usr/share/texmf/tex/latex/oberdiek/kvoptions.sty
Package: kvoptions 2006/08/22 v2.4 Connects package keyval with LaTeX options (
HO)
)
Package hyperref Info: Hyper figures OFF on input line 2288.
Package hyperref Info: Link nesting OFF on input line 2293.
Package hyperref Info: Hyper index ON on input line 2296.
Package hyperref Info: Plain pages OFF on input line 2303.
Package hyperref Info: Backreferencing OFF on input line 2308.

Implicit mode ON; LaTeX internals redefined
Package hyperref Info: Bookmarks ON on input line 2444.
(/usr/share/texmf/tex/latex/ltxmisc/url.sty
\Urlmuskip=\muskip10
Package: url 2005/06/27  ver 3.2  Verb mode for urls, etc.
)
LaTeX Info: Redefining \url on input line 2599.
\Fld@menulength=\count103
\Field@Width=\dimen120
\Fld@charsize=\dimen121
\Choice@toks=\toks16
\Field@toks=\toks17
Package hyperref Info: Hyper figures OFF on input line 3102.
Package hyperref Info: Link nesting OFF on input line 3107.
Package hyperref Info: Hyper index ON on input line 3110.
Package hyperref Info: backreferencing OFF on input line 3117.
Package hyperref Info: Link coloring OFF on input line 3122.
\Hy@abspage=\count104
\c@Item=\count105
\c@Hfootnote=\count106
)
*hyperref using default driver hpdftex*
(/usr/share/texmf/tex/latex/hyperref/hpdftex.def
File: hpdftex.def 2007/02/07 v6.75r Hyperref driver for pdfTeX
\Fld@listcount=\count107
)
(/usr/share/texmf/tex/latex/pdfpages/pdfpages.sty
Package: pdfpages 2006/08/12 v0.4a Insert pages of external PDF documents (AM)

(/usr/share/texmf/tex/latex/base/ifthen.sty
Package: ifthen 2001/05/26 v1.1c Standard LaTeX ifthen package (DPC)
)
(/usr/share/texmf/tex/latex/tools/calc.sty
Package: calc 2005/08/06 v4.2 Infix arithmetic (KKT,FJ)
\calc@Acount=\count108
\calc@Bcount=\count109
\calc@Adimen=\dimen122
\calc@Bdimen=\dimen123
\calc@Askip=\skip49
\calc@Bskip=\skip50
LaTeX Info: Redefining \setlength on input line 75.
LaTeX Info: Redefining \addtolength on input line 76.
\calc@Ccount=\count110
\calc@Cskip=\skip51
)
(/usr/share/texmf/tex/latex/eso-pic/eso-pic.sty
Package: eso-pic 2006/07/14 v1.1d eso-pic (RN)

(/usr/share/texmf/tex/latex/everyshi/everyshi.sty
Package: everyshi 2001/05/15 v3.00 EveryShipout Package (MS)
))
(/usr/share/texmf/tex/latex/pdfpages/pppdftex.def
File: pppdftex.def 2006/08/12 v0.4a Pdfpages driver for pdfTeX (AM)
)
\AM@pagebox=\box30
\AM@toc@title=\toks18
\c@AM@survey=\count111
)
(/usr/share/texmf/tex/latex/tocbibind/tocbibind.sty
Package: tocbibind 2003/03/13 v1.5g extra ToC listings


Package tocbibind Note: The document has chapter divisions.


Package tocbibind Note: Using chapter style headings, unless overridden.

)
Package hyperref Info: Option `colorlinks' set `true' on input line 15.

No file main.aux.
\openout1 = `main.aux'.

LaTeX Font Info:    Checking defaults for OML/cmm/m/it on input line 17.
LaTeX Font Info:    ... okay on input line 17.
LaTeX Font Info:    Checking defaults for T1/cmr/m/n on input line 17.
LaTeX Font Info:    ... okay on input line 17.
LaTeX Font Info:    Checking defaults for OT1/cmr/m/n on input line 17.
LaTeX Font Info:    ... okay on input line 17.
LaTeX Font Info:    Checking defaults for OMS/cmsy/m/n on input line 17.
LaTeX Font Info:    ... okay on input line 17.
LaTeX Font Info:    Checking defaults for OMX/cmex/m/n on input line 17.
LaTeX Font Info:    ... okay on input line 17.
LaTeX Font Info:    Checking defaults for U/cmr/m/n on input line 17.
LaTeX Font Info:    ... okay on input line 17.
LaTeX Font Info:    Checking defaults for PD1/pdf/m/n on input line 17.
LaTeX Font Info:    ... okay on input line 17.
(/usr/share/texmf/tex/context/base/supp-pdf.tex
[Loading MPS to PDF converter (version 2006.09.02).]
\scratchcounter=\count112
\scratchdimen=\dimen124
\scratchbox=\box31
\nofMPsegments=\count113
\nofMParguments=\count114
\MPscratchCnt=\count115
\MPscratchDim=\dimen125
\MPnumerator=\count116
\everyMPtoPDFconversion=\toks19
) (/usr/share/texmf/tex/latex/graphics/color.sty
Package: color 2005/11/14 v1.0j Standard LaTeX Color (DPC)

(/usr/share/texmf/tex/latex/config/color.cfg
File: color.cfg 2007/01/18 v1.5 color configuration of teTeX/TeXLive
)
Package color Info: Driver file: pdftex.def on input line 130.
)
Package hyperref Info: Link coloring ON on input line 17.

(/usr/share/texmf/tex/latex/hyperref/nameref.sty
Package: nameref 2006/12/27 v2.28 Cross-referencing by name of section

(/usr/share/texmf/tex/latex/oberdiek/refcount.sty
Package: refcount 2006/02/20 v3.0 Data extraction from references (HO)
)
\c@section@level=\count117
)
LaTeX Info: Redefining \ref on input line 17.
LaTeX Info: Redefining \pageref on input line 17.
\@outlinefile=\write3
\openout3 = `main.out'.


ABD: EveryShipout initializing macros
<sections/ICEManual.pdf, id=9, page=1, 614.295pt x 794.97pt>
File: sections/ICEManual.pdf Graphic file (type pdf)

<use sections/ICEManual.pdf, page 1>
File: sections/ICEManual.pdf Graphic file (type pdf)
 <use sections/ICEManual.pdf, page 1>
File: sections/ICEManual.pdf Graphic file (type pdf)

<use sections/ICEManual.pdf, page 1>
File: sections/ICEManual.pdf Graphic file (type pdf)
 <use sections/ICEManual.pdf, page 1>
File: sections/ICEManual.pdf Graphic file (type pdf)

<use sections/ICEManual.pdf, page 1> [1

 <./sections/ICEManual.pdf>]
LaTeX Font Info:    External font `cmex10' loaded for size
(Font)              <12> on input line 33.
LaTeX Font Info:    External font `cmex10' loaded for size
(Font)              <8> on input line 33.
LaTeX Font Info:    External font `cmex10' loaded for size
(Font)              <6> on input line 33.
LaTeX Font Info:    External font `cmex10' loaded for size
(Font)              <9> on input line 33.
LaTeX Font Info:    External font `cmex10' loaded for size
(Font)              <5> on input line 33.
pdfTeX warning (ext4): destination with the same identifier (name{page.1}) has 
been already used, duplicate ignored
<to be read again> 
                   \relax 
l.33 
      [1{/var/lib/texmf/fonts/map/pdftex/updmap/pdftex.map}]
\tf@toc=\write4
\openout4 = `main.toc'.


(./sections/usingMoose.texpdfTeX warning (ext4): destination with the same iden
tifier (name{page.1}) has been already used, duplicate ignored
<to be read again> 
                   \relax 
l.1 \chapter
            {Using MOOSE with ICE} [1

]
Chapter 1.
LaTeX Font Info:    Try loading font information for OMS+cmr on input line 17.
(/usr/share/texmf/tex/latex/base/omscmr.fd
File: omscmr.fd 1999/05/25 v2.5h Standard LaTeX font definitions
)
LaTeX Font Info:    Font shape `OMS/cmr/m/n' in size <10> not available
(Font)              Font shape `OMS/cmsy/m/n' tried instead on input line 17.
LaTeX Font Info:    Try loading font information for OML+cmtt on input line 28.

LaTeX Font Info:    No file OMLcmtt.fd. on input line 28.


LaTeX Font Warning: Font shape `OML/cmtt/m/n' undefined
(Font)              using `OML/cmm/m/it' instead
(Font)              for symbol `textless' on input line 28.

LaTeX Font Info:    External font `cmex10' loaded for size
(Font)              <7> on input line 30.

Overfull \hbox (19.9336pt too wide) in paragraph at lines 42--45
\OT1/cmr/m/n/10 ma-chine. In-struc-tions for in-stalling MOOSE can be found [][
]$\OT1/cmtt/m/n/10 http : / / mooseframework .
 []

[2

]
LaTeX Font Info:    Try loading font information for OML+cmr on input line 62.
 (/usr/share/texmf/tex/latex/base/omlcmr.fd
File: omlcmr.fd 1999/05/25 v2.5h Standard LaTeX font definitions
)
LaTeX Font Info:    Font shape `OML/cmr/m/n' in size <10> not available
(Font)              Font shape `OML/cmm/m/it' tried instead on input line 62.

<figures/ICE_OpenPerspective.png, id=58, 232.87pt x 153.57375pt>
File: figures/ICE_OpenPerspective.png Graphic file (type png)

<use figures/ICE_OpenPerspective.png>
<figures/ICE_MOOSEPerspective.png, id=59, 627.34375pt x 445.665pt>
File: figures/ICE_MOOSEPerspective.png Graphic file (type png)

<use figures/ICE_MOOSEPerspective.png>
Overfull \hbox (0.52718pt too wide) in paragraph at lines 85--87
[][]\OT1/cmr/m/n/10 While it's not nec-es-sary to switch to the MOOSE Per-spec-
tive to use MOOSE-
 []

[3 <./figures/ICE_OpenPerspective.png>]
<figures/ICE_YAMLGeneratorButton.png, id=69, 141.52875pt x 150.5625pt>
File: figures/ICE_YAMLGeneratorButton.png Graphic file (type png)

<use figures/ICE_YAMLGeneratorButton.png> [4 <./figures/ICE_MOOSEPerspective.pn
g>]
Underfull \hbox (badness 10000) in paragraph at lines 136--139

 []

<figures/ICE_CreateItem.png, id=77, 254.9525pt x 135.50626pt>
File: figures/ICE_CreateItem.png Graphic file (type png)

<use figures/ICE_CreateItem.png> [5 <./figures/ICE_YAMLGeneratorButton.png (PNG
 copy)>] <figures/ICE_ImportItem.png, id=85, 181.67876pt x 135.50626pt>
File: figures/ICE_ImportItem.png Graphic file (type png)

<use figures/ICE_ImportItem.png>
<figures/ICE_ImportMOOSEModelBuilder.png, id=86, 367.3725pt x 401.5pt>
File: figures/ICE_ImportMOOSEModelBuilder.png Graphic file (type png)

<use figures/ICE_ImportMOOSEModelBuilder.png> [6 <./figures/ICE_CreateItem.png>
 <./figures/ICE_ImportItem.png (PNG copy)>] [7 <./figures/ICE_ImportMOOSEModelB
uilder.png>]
<figures/ICE_MOOSEModelBuilder.png, id=101, 627.34375pt x 470.75874pt>
File: figures/ICE_MOOSEModelBuilder.png Graphic file (type png)

<use figures/ICE_MOOSEModelBuilder.png>
<figures/ICE_SelectMOOSEApp.png, id=102, 326.21875pt x 183.68625pt>
File: figures/ICE_SelectMOOSEApp.png Graphic file (type png)

<use figures/ICE_SelectMOOSEApp.png>
<figures/ICE_SaveButton.png, id=103, 207.77625pt x 132.495pt>
File: figures/ICE_SaveButton.png Graphic file (type png)

<use figures/ICE_SaveButton.png>
<figures/ICE_LoadedMOOSETree.png, id=104, 191.71625pt x 501.875pt>
File: figures/ICE_LoadedMOOSETree.png Graphic file (type png)

<use figures/ICE_LoadedMOOSETree.png> [8 <./figures/ICE_MOOSEModelBuilder.png (
PNG copy)>] [9 <./figures/ICE_SelectMOOSEApp.png (PNG copy)> <./figures/ICE_Sav
eButton.png (PNG copy)>] [10 <./figures/ICE_LoadedMOOSETree.png>]
<figures/ICE_MOOSEBlockExpand.png, id=124, 383.4325pt x 148.555pt>
File: figures/ICE_MOOSEBlockExpand.png Graphic file (type png)

<use figures/ICE_MOOSEBlockExpand.png>
<figures/ICE_MOOSEAddBlock.png, id=125, 490.83376pt x 361.35pt>
File: figures/ICE_MOOSEAddBlock.png Graphic file (type png)

<use figures/ICE_MOOSEAddBlock.png>
<figures/ICE_MOOSESubblockList.png, id=126, 390.45876pt x 385.44pt>
File: figures/ICE_MOOSESubblockList.png Graphic file (type png)

<use figures/ICE_MOOSESubblockList.png>
<figures/ICE_MOOSEDeleteBlock.png, id=127, 486.81876pt x 380.42125pt>
File: figures/ICE_MOOSEDeleteBlock.png Graphic file (type png)

<use figures/ICE_MOOSEDeleteBlock.png> [11 <./figures/ICE_MOOSEBlockExpand.png 
(PNG copy)>]
<figures/ICE_MOOSEBlockParameters.png, id=136, 553.06625pt x 349.305pt>
File: figures/ICE_MOOSEBlockParameters.png Graphic file (type png)

<use figures/ICE_MOOSEBlockParameters.png>
Overfull \hbox (6.94415pt too wide) in paragraph at lines 358--363
[][]\OT1/cmr/m/n/10 Lastly, some blocks con-tain a spe-cial \OT1/cmtt/m/n/10 ty
pe \OT1/cmr/m/n/10 pa-ram-e-ter, such as the \OT1/cmtt/m/n/10 Executioner
 []

[12 <./figures/ICE_MOOSEAddBlock.png (PNG copy)>] [13 <./figures/ICE_MOOSESubbl
ockList.png (PNG copy)>] [14 <./figures/ICE_MOOSEDeleteBlock.png (PNG copy)> <.
/figures/ICE_MOOSEBlockParameters.png (PNG copy)>]
<figures/ICE_MOOSEAdaptiveType.png, id=154, 545.03625pt x 344.28625pt>
File: figures/ICE_MOOSEAdaptiveType.png Graphic file (type png)

<use figures/ICE_MOOSEAdaptiveType.png>
<figures/ICE_MOOSE_Mesh-View-1.png, id=156, 627.34375pt x 601.24625pt>
File: figures/ICE_MOOSE_Mesh-View-1.png Graphic file (type png)

<use figures/ICE_MOOSE_Mesh-View-1.png> [15 <./figures/ICE_MOOSEAdaptiveType.pn
g (PNG copy)>] [16 <./figures/ICE_MOOSE_Mesh-View-1.png>]
<figures/ICE_MOOSE_Mesh-View-2.png, id=170, 627.34375pt x 601.24625pt>
File: figures/ICE_MOOSE_Mesh-View-2.png Graphic file (type png)

<use figures/ICE_MOOSE_Mesh-View-2.png>
<figures/ICE_MOOSEPlantViewTab.png, id=172, 627.34375pt x 483.8075pt>
File: figures/ICE_MOOSEPlantViewTab.png Graphic file (type png)

<use figures/ICE_MOOSEPlantViewTab.png> [17 <./figures/ICE_MOOSE_Mesh-View-2.pn
g>] [18 <./figures/ICE_MOOSEPlantViewTab.png>]
<figures/ICE_MOOSEPlantView.png, id=188, 1139.25626pt x 878.28125pt>
File: figures/ICE_MOOSEPlantView.png Graphic file (type png)

<use figures/ICE_MOOSEPlantView.png>
Missing character: There is no ‚ in font cmr10!
Missing character: There is no Ü in font cmr10!
Missing character: There is no ê in font cmr10!
Missing character: There is no ‚ in font cmr10!
Missing character: There is no Ü in font cmr10!
Missing character: There is no í in font cmr10!
Missing character: There is no ‚ in font cmr10!
Missing character: There is no Ü in font cmr10!
Missing character: There is no ë in font cmr10!
Missing character: There is no ‚ in font cmr10!
Missing character: There is no Ü in font cmr10!
Missing character: There is no ì in font cmr10!


Package longtable Warning: Column widths have changed
(longtable)                in table 1.1 on input line 472.

[19 <./figures/ICE_MOOSEPlantView.png>] [20]
<figures/ICE_MOOSEPlantViewTools.png, id=200, 627.34375pt x 483.8075pt>
File: figures/ICE_MOOSEPlantViewTools.png Graphic file (type png)

<use figures/ICE_MOOSEPlantViewTools.png>
<figures/ICE_MOOSEPlantViewWireframe.png, id=201, 1139.25626pt x 878.28125pt>
File: figures/ICE_MOOSEPlantViewWireframe.png Graphic file (type png)

<use figures/ICE_MOOSEPlantViewWireframe.png> [21 <./figures/ICE_MOOSEPlantView
Tools.png>] [22 <./figures/ICE_MOOSEPlantViewWireframe.png>]
<figures/ICE_MOOSEWriteFile.png, id=214, 341.275pt x 94.3525pt>
File: figures/ICE_MOOSEWriteFile.png Graphic file (type png)

<use figures/ICE_MOOSEWriteFile.png>
File: figures/ICE_CreateItem.png Graphic file (type png)
 <use figures/ICE_CreateItem.png>
<figures/ICE_MOOSELauncher.png, id=215, 627.34375pt x 445.665pt>
File: figures/ICE_MOOSELauncher.png Graphic file (type png)

<use figures/ICE_MOOSELauncher.png>
Overfull \hbox (15.74019pt too wide) in paragraph at lines 591--597
\OT1/cmr/m/n/10 file. This drop-down menu dis-plays all \OT1/cmtt/m/n/10 *.i \O
T1/cmr/m/n/10 files that were in the \OT1/cmtt/m/n/10 /ICEFiles/default
 []

[23 <./figures/ICE_MOOSEWriteFile.png (PNG copy)>] [24 <./figures/ICE_MOOSELaun
cher.png>] <figures/ICE_MOOSEInputFiles.png, id=231, 451.6875pt x 217.81375pt>
File: figures/ICE_MOOSEInputFiles.png Graphic file (type png)

<use figures/ICE_MOOSEInputFiles.png>
<figures/ICE_MOOSEAvailableExecutables.png, id=232, 228.855pt x 228.855pt>
File: figures/ICE_MOOSEAvailableExecutables.png Graphic file (type png)

<use figures/ICE_MOOSEAvailableExecutables.png>
<figures/ICE_MOOSELauncherCustomExecutable.png, id=233, 228.855pt x 199.74625pt
>
File: figures/ICE_MOOSELauncherCustomExecutable.png Graphic file (type png)
 <use figures/ICE_MOOSELauncherCustomExecutable.png> [25 <./figures/ICE_MOOSEIn
putFiles.png (PNG copy)>] [26 <./figures/ICE_MOOSEAvailableExecutables.png (PNG
 copy)> <./figures/ICE_MOOSELauncherCustomExecutable.png (PNG copy)>]
<figures/ICE_MOOSEHostsTable.png, id=249, 731.73375pt x 145.54375pt>
File: figures/ICE_MOOSEHostsTable.png Graphic file (type png)

<use figures/ICE_MOOSEHostsTable.png>
<figures/ICE_ParallelExecution.png, id=250, 311.1625pt x 255.95625pt>
File: figures/ICE_ParallelExecution.png Graphic file (type png)

<use figures/ICE_ParallelExecution.png>
<figures/ICE_LaunchJob.png, id=251, 265.99374pt x 70.2625pt>
File: figures/ICE_LaunchJob.png Graphic file (type png)

<use figures/ICE_LaunchJob.png> [27 <./figures/ICE_MOOSEHostsTable.png (PNG cop
y)>] [28 <./figures/ICE_ParallelExecution.png (PNG copy)> <./figures/ICE_Launch
Job.png (PNG copy)>]) (./sections/embeddedViz.tex [29]
Chapter 2.
<figures/ICE_Viz_ResourceViewPage.png, id=272, 803.0pt x 551.05875pt>
File: figures/ICE_Viz_ResourceViewPage.png Graphic file (type png)

<use figures/ICE_Viz_ResourceViewPage.png> [30

] [31 <./figures/ICE_Viz_ResourceViewPage.png>] <figures/ICE_Viz_Grid.png, id=2
89, 602.25pt x 413.545pt>
File: figures/ICE_Viz_Grid.png Graphic file (type png)

<use figures/ICE_Viz_Grid.png> [32 <./figures/ICE_Viz_Grid.png>]
Overfull \hbox (4.33398pt too wide) in paragraph at lines 171--176
\OT1/cmr/m/n/10 quires a lo-cal in-stal-la-tion of [][]VisIt[][] (min-i-mum ver
-sion 2.8.2) de-vel-oped by Lawrence
 []


LaTeX Warning: Hyper reference `Prerequisites' on page 33 undefined on input li
ne 184.

<figures/ICE_Viz_VisIt_Preferences.png, id=303, 637.38126pt x 557.08125pt>
File: figures/ICE_Viz_VisIt_Preferences.png Graphic file (type png)

<use figures/ICE_Viz_VisIt_Preferences.png> [33] [34 <./figures/ICE_Viz_VisIt_P
references.png>] <figures/ICE_Viz_VisIt.png, id=327, 602.25pt x 479.7925pt>
File: figures/ICE_Viz_VisIt.png Graphic file (type png)

<use figures/ICE_Viz_VisIt.png>
<figures/ICE_Viz_VisIt-ContextMenu.png, id=328, 486.81876pt x 175.65625pt>
File: figures/ICE_Viz_VisIt-ContextMenu.png Graphic file (type png)

<use figures/ICE_Viz_VisIt-ContextMenu.png> [35] [36 <./figures/ICE_Viz_VisIt.p
ng> <./figures/ICE_Viz_VisIt-ContextMenu.png (PNG copy)>]
<figures/ICE_Viz_CSV.png, id=347, 602.25pt x 470.75874pt>
File: figures/ICE_Viz_CSV.png Graphic file (type png)

<use figures/ICE_Viz_CSV.png>
<figures/ICE_Viz_CSV-ContextMenu.png, id=349, 491.8375pt x 260.975pt>
File: figures/ICE_Viz_CSV-ContextMenu.png Graphic file (type png)

<use figures/ICE_Viz_CSV-ContextMenu.png>) (./sections/visOutput.tex [37]
[38 <./figures/ICE_Viz_CSV.png> <./figures/ICE_Viz_CSV-ContextMenu.png (PNG cop
y)>]
Chapter 3.
<figures/ICE_VisIt.png, id=365, 401.5pt x 314.17375pt>
File: figures/ICE_VisIt.png Graphic file (type png)

<use figures/ICE_VisIt.png>
<figures/ICE_CSVPlotter.png, id=366, 435.6275pt x 314.17375pt>
File: figures/ICE_CSVPlotter.png Graphic file (type png)

<use figures/ICE_CSVPlotter.png> [39

] [40 <./figures/ICE_VisIt.png>]
File: figures/ICE_OpenPerspective.png Graphic file (type png)

<use figures/ICE_OpenPerspective.png>
<figures/ICE_VisualizationPerspective.png, id=379, 715.67375pt x 476.78125pt>
File: figures/ICE_VisualizationPerspective.png Graphic file (type png)

<use figures/ICE_VisualizationPerspective.png> [41 <./figures/ICE_CSVPlotter.pn
g>] <figures/ICE_VisItLaunchButton.png, id=390, 306.14375pt x 146.5475pt>
File: figures/ICE_VisItLaunchButton.png Graphic file (type png)

<use figures/ICE_VisItLaunchButton.png>
<figures/ICE_VisItLaunchOptions.png, id=391, 604.2575pt x 587.19376pt>
File: figures/ICE_VisItLaunchOptions.png Graphic file (type png)

<use figures/ICE_VisItLaunchOptions.png> [42] [43 <./figures/ICE_VisualizationP
erspective.png (PNG copy)> <./figures/ICE_VisItLaunchButton.png>] [44 <./figure
s/ICE_VisItLaunchOptions.png (PNG copy)>]
<figures/ICE_VisItAddFileButton.png, id=415, 555.07375pt x 214.8025pt>
File: figures/ICE_VisItAddFileButton.png Graphic file (type png)

<use figures/ICE_VisItAddFileButton.png> [45 <./figures/ICE_VisItAddFileButton.
png (PNG copy)>]
<figures/ICE_VisItAddPlotButton.png, id=422, 301.125pt x 149.55875pt>
File: figures/ICE_VisItAddPlotButton.png Graphic file (type png)

<use figures/ICE_VisItAddPlotButton.png>
<figures/ICE_VisItPlotSelection.png, id=423, 617.30624pt x 303.1325pt>
File: figures/ICE_VisItPlotSelection.png Graphic file (type png)

<use figures/ICE_VisItPlotSelection.png>
<figures/ICE_VisItPlotStyleMenu.png, id=424, 302.12875pt x 220.825pt>
File: figures/ICE_VisItPlotStyleMenu.png Graphic file (type png)

<use figures/ICE_VisItPlotStyleMenu.png>
<figures/ICE_VisIt3DNoise.png, id=425, 627.34375pt x 490.83376pt>
File: figures/ICE_VisIt3DNoise.png Graphic file (type png)

<use figures/ICE_VisIt3DNoise.png> [46 <./figures/ICE_VisItAddPlotButton.png (P
NG copy)>] [47 <./figures/ICE_VisItPlotSelection.png (PNG copy)> <./figures/ICE
_VisItPlotStyleMenu.png (PNG copy)>] [48 <./figures/ICE_VisIt3DNoise.png>]
<figures/ICE_VisItPlaybackButtons.png, id=446, 521.95pt x 214.8025pt>
File: figures/ICE_VisItPlaybackButtons.png Graphic file (type png)

<use figures/ICE_VisItPlaybackButtons.png>
<figures/ICE_VisItPythonScriptButton.png, id=447, 401.5pt x 215.80624pt>
File: figures/ICE_VisItPythonScriptButton.png Graphic file (type png)

<use figures/ICE_VisItPythonScriptButton.png>

LaTeX Warning: Hyper reference `Visualizationux5fPerspective' on page 49 undefi
ned on input line 279.

[49 <./figures/ICE_VisItPlaybackButtons.png (PNG copy)> <./figures/ICE_VisItPyt
honScriptButton.png (PNG copy)>]
File: figures/ICE_VisItAddFileButton.png Graphic file (type png)
 <use figures/ICE_VisItAddFileButton.png>
<figures/ICE_CSVAddPlotButton.png, id=457, 547.04375pt x 165.61874pt>
File: figures/ICE_CSVAddPlotButton.png Graphic file (type png)

<use figures/ICE_CSVAddPlotButton.png>
<figures/ICE_CSVAddPlotDialog-XAxisVariables.png, id=458, 602.25pt x 268.00125p
t>
File: figures/ICE_CSVAddPlotDialog-XAxisVariables.png Graphic file (type png)
 <use figures/ICE_CSVAddPlotDialog-XAxisVariables.png> [50] [51 <./figures/ICE_
CSVAddPlotButton.png (PNG copy)> <./figures/ICE_CSVAddPlotDialog-XAxisVariables
.png (PNG copy)>]
<figures/ICE_CSVAddPlotDialog-PlotTypes.png, id=475, 587.19376pt x 225.84375pt>
File: figures/ICE_CSVAddPlotDialog-PlotTypes.png Graphic file (type png)
<use figures/ICE_CSVAddPlotDialog-PlotTypes.png>
Overfull \hbox (7.31897pt too wide) in paragraph at lines 354--355
 [][][] 
 []

<figures/ICE_CSVAddPlotDialog-Features.png, id=476, 602.25pt x 363.3575pt>
File: figures/ICE_CSVAddPlotDialog-Features.png Graphic file (type png)

<use figures/ICE_CSVAddPlotDialog-Features.png>
<figures/ICE_CSVPlotEditor.png, id=477, 667.49374pt x 444.66125pt>
File: figures/ICE_CSVPlotEditor.png Graphic file (type png)

<use figures/ICE_CSVPlotEditor.png>
<figures/ICE_CSVPlotEditor-Moved.png, id=478, 627.34375pt x 461.725pt>
File: figures/ICE_CSVPlotEditor-Moved.png Graphic file (type png)

<use figures/ICE_CSVPlotEditor-Moved.png> [52 <./figures/ICE_CSVAddPlotDialog-P
lotTypes.png (PNG copy)>] [53 <./figures/ICE_CSVAddPlotDialog-Features.png (PNG
 copy)> <./figures/ICE_CSVPlotEditor.png (PNG copy)>] [54 <./figures/ICE_CSVPlo
tEditor-Moved.png>]

LaTeX Warning: Hyper reference `Selectingux5fInitialux5fPlotux5fData' on page 5
5 undefined on input line 426.

) (./sections/devMoose.tex [55]
Chapter 4.
<figures/GitView.png, id=506, 501.875pt x 534.99875pt>
File: figures/GitView.png Graphic file (type png)

<use figures/GitView.png>

LaTeX Warning: File `figures/clone_wizard.png' not found on input line 35.


!pdfTeX error: /usr/bin/pdflatex (file figures/clone_wizard.png): cannot find i
mage file
 ==> Fatal error occurred, no output PDF file produced!
